<?xml version="1.0" encoding="UTF-8"?>
<!-- Generated by org.testng.reporters.JUnitXMLReporter -->
<testsuite ignored="6" hostname="DESKTOP-7QD66SA" failures="0" tests="1" name="Selenium_Automation_On_BookSwagon_Application" time="147.019" errors="0" timestamp="2023-04-03T14:36:41 IST">
  <testcase classname="com.bridgelabz.test.BooksWagonTest" name="InBooksWagonOrderBook" time="29.719"/>
  <testcase classname="com.bridgelabz.test.BooksWagonTest" name="performLogOutOperation" time="0.0">
    <ignored/>
  </testcase> <!-- performLogOutOperation -->
  <testcase classname="com.bridgelabz.test.BooksWagonTest" name="addBookInToTheWishlist" time="0.0">
    <ignored/>
  </testcase> <!-- addBookInToTheWishlist -->
  <testcase classname="com.bridgelabz.test.BooksWagonTest" name="searchBookInBooksWagon" time="0.0">
    <ignored/>
  </testcase> <!-- searchBookInBooksWagon -->
  <testcase classname="com.bridgelabz.test.BooksWagonTest" name="insertTheDataIntoTheRegistrationForm" time="0.0">
    <ignored/>
  </testcase> <!-- insertTheDataIntoTheRegistrationForm -->
  <testcase classname="com.bridgelabz.test.BooksWagonTest" name="loginToBookSWagon" time="0.0">
    <ignored/>
  </testcase> <!-- loginToBookSWagon -->
  <testcase classname="com.bridgelabz.test.BooksWagonTest" name="redirectOnToTheSignUp" time="0.0">
    <ignored/>
  </testcase> <!-- redirectOnToTheSignUp -->
</testsuite> <!-- Selenium_Automation_On_BookSwagon_Application -->
