<?xml version="1.0" encoding="UTF-8"?>
<testng-results ignored="6" total="7" passed="1" failed="0" skipped="0">
  <reporter-output>
  </reporter-output>
  <suite started-at="2023-04-03T14:34:14 IST" name="Default Suite" finished-at="2023-04-03T14:36:41 IST" duration-ms="147019">
    <groups>
    </groups>
    <test started-at="2023-04-03T14:34:14 IST" name="Selenium_Automation_On_BookSwagon_Application" finished-at="2023-04-03T14:36:41 IST" duration-ms="147019">
      <class name="com.bridgelabz.test.BooksWagonTest">
        <test-method is-config="true" signature="initialization()[pri:0, instance:com.bridgelabz.test.BooksWagonTest@21282ed8]" started-at="2023-04-03T14:34:14 IST" name="initialization" finished-at="2023-04-03T14:36:04 IST" duration-ms="109509" status="PASS">
          <reporter-output>
          </reporter-output>
        </test-method> <!-- initialization -->
        <test-method signature="InBooksWagonOrderBook()[pri:5, instance:com.bridgelabz.test.BooksWagonTest@21282ed8]" started-at="2023-04-03T14:36:05 IST" name="InBooksWagonOrderBook" finished-at="2023-04-03T14:36:34 IST" duration-ms="29719" status="PASS">
          <reporter-output>
          </reporter-output>
        </test-method> <!-- InBooksWagonOrderBook -->
        <test-method is-config="true" signature="tearDown()[pri:0, instance:com.bridgelabz.test.BooksWagonTest@21282ed8]" started-at="2023-04-03T14:36:34 IST" name="tearDown" finished-at="2023-04-03T14:36:41 IST" duration-ms="6522" status="PASS">
          <reporter-output>
          </reporter-output>
        </test-method> <!-- tearDown -->
      </class> <!-- com.bridgelabz.test.BooksWagonTest -->
    </test> <!-- Selenium_Automation_On_BookSwagon_Application -->
  </suite> <!-- Default Suite -->
</testng-results>
